Determining if the pthread_create exist failed with the following output:
Change Dir: /home/zhangwei/shuqin/MyGit/RefineNet/lib/build/CMakeFiles/CMakeTmp

Run Build Command:"/usr/bin/gmake" "cmTC_9a9a3/fast"
gmake[1]: Entering directory `/home/zhangwei/shuqin/MyGit/RefineNet/lib/build/CMakeFiles/CMakeTmp'
/usr/bin/gmake -f CMakeFiles/cmTC_9a9a3.dir/build.make CMakeFiles/cmTC_9a9a3.dir/build
gmake[2]: Entering directory `/home/zhangwei/shuqin/MyGit/RefineNet/lib/build/CMakeFiles/CMakeTmp'
Building C object CMakeFiles/cmTC_9a9a3.dir/CheckSymbolExists.c.o
/usr/bin/cc   -std=c11    -o CMakeFiles/cmTC_9a9a3.dir/CheckSymbolExists.c.o   -c /home/zhangwei/shuqin/MyGit/RefineNet/lib/build/CMakeFiles/CMakeTmp/CheckSymbolExists.c
Linking C executable cmTC_9a9a3
/usr/local/cmake-3.10.2-Linux-x86_64/bin/cmake -E cmake_link_script CMakeFiles/cmTC_9a9a3.dir/link.txt --verbose=1
/usr/bin/cc  -std=c11     -rdynamic CMakeFiles/cmTC_9a9a3.dir/CheckSymbolExists.c.o  -o cmTC_9a9a3 
CMakeFiles/cmTC_9a9a3.dir/CheckSymbolExists.c.o: In function `main':
CheckSymbolExists.c:(.text+0x16): undefined reference to `pthread_create'
collect2: error: ld returned 1 exit status
gmake[2]: *** [cmTC_9a9a3] Error 1
gmake[2]: Leaving directory `/home/zhangwei/shuqin/MyGit/RefineNet/lib/build/CMakeFiles/CMakeTmp'
gmake[1]: *** [cmTC_9a9a3/fast] Error 2
gmake[1]: Leaving directory `/home/zhangwei/shuqin/MyGit/RefineNet/lib/build/CMakeFiles/CMakeTmp'

File /home/zhangwei/shuqin/MyGit/RefineNet/lib/build/CMakeFiles/CMakeTmp/CheckSymbolExists.c:
/* */
#include <pthread.h>

int main(int argc, char** argv)
{
  (void)argv;
#ifndef pthread_create
  return ((int*)(&pthread_create))[argc];
#else
  (void)argc;
  return 0;
#endif
}

Determining if the function pthread_create exists in the pthreads failed with the following output:
Change Dir: /home/zhangwei/shuqin/MyGit/RefineNet/lib/build/CMakeFiles/CMakeTmp

Run Build Command:"/usr/bin/gmake" "cmTC_b843f/fast"
gmake[1]: Entering directory `/home/zhangwei/shuqin/MyGit/RefineNet/lib/build/CMakeFiles/CMakeTmp'
/usr/bin/gmake -f CMakeFiles/cmTC_b843f.dir/build.make CMakeFiles/cmTC_b843f.dir/build
gmake[2]: Entering directory `/home/zhangwei/shuqin/MyGit/RefineNet/lib/build/CMakeFiles/CMakeTmp'
Building C object CMakeFiles/cmTC_b843f.dir/CheckFunctionExists.c.o
/usr/bin/cc   -std=c11 -DCHECK_FUNCTION_EXISTS=pthread_create   -o CMakeFiles/cmTC_b843f.dir/CheckFunctionExists.c.o   -c /usr/local/cmake-3.10.2-Linux-x86_64/share/cmake-3.10/Modules/CheckFunctionExists.c
Linking C executable cmTC_b843f
/usr/local/cmake-3.10.2-Linux-x86_64/bin/cmake -E cmake_link_script CMakeFiles/cmTC_b843f.dir/link.txt --verbose=1
/usr/bin/cc  -std=c11 -DCHECK_FUNCTION_EXISTS=pthread_create    -rdynamic CMakeFiles/cmTC_b843f.dir/CheckFunctionExists.c.o  -o cmTC_b843f -lpthreads 
/usr/bin/ld: cannot find -lpthreads
collect2: error: ld returned 1 exit status
gmake[2]: *** [cmTC_b843f] Error 1
gmake[2]: Leaving directory `/home/zhangwei/shuqin/MyGit/RefineNet/lib/build/CMakeFiles/CMakeTmp'
gmake[1]: *** [cmTC_b843f/fast] Error 2
gmake[1]: Leaving directory `/home/zhangwei/shuqin/MyGit/RefineNet/lib/build/CMakeFiles/CMakeTmp'


